15:40:49.3031 [INFO]   Entity 109859974767490435   owned by player                     The Factorum [Off]        was closed! (Grid: Dummy PB-Proj)
15:40:49.3774 [INFO]   Entity 103147332064655286   owned by player                     The Factorum [Off]        was closed! (Grid: Dummy PB-Proj)
15:55:20.3385 [INFO]   Entity 141257121203635440   owned by player                     The Chairman [Off][PARALLAX] was closed! (Grid: (NPC-PLX) Eidolon)
15:56:50.3860 [INFO]   Entity 72203824242137829    owned by player                     <TEST_PLAYER> [On][VWC]       was closed! (Grid: Small Grid 7829)
15:59:56.9231 [INFO]   Entity 118316443689251794   owned by player                     Unknown [Off][UNKN]       was closed! (Grid: Logistics Drone)
16:04:47.1644 [INFO]   Entity 115806638383812209   owned by player                     Unknown [Off][UNKN]       was closed! (Grid: Logistics Drone)
16:15:08.4319 [INFO]   Entity 73508849275807644    owned by player                     <TEST_PLAYER> [Off][VWC]      was closed! (Grid: Respawn Rover)
16:15:08.4319 [INFO]   Entity 125935299183356627   owned by player                     <TEST_PLAYER> [Off][VWC]      was closed! (Grid: Wheel)
16:15:08.4319 [INFO]   Entity 113967283846573991   owned by player                     <TEST_PLAYER> [Off][VWC]      was closed! (Grid: Wheel)
16:15:08.4319 [INFO]   Entity 132804944577862164   owned by player                     <TEST_PLAYER> [Off][VWC]      was closed! (Grid: Wheel)
16:15:08.4319 [INFO]   Entity 95759277914689849    owned by player                     <TEST_PLAYER> [Off][VWC]      was closed! (Grid: Small Grid 9849)
16:15:08.4319 [INFO]   Entity 138824294425600967   owned by player                     <TEST_PLAYER> [Off][VWC]      was closed! (Grid: Wheel)
16:15:08.4319 [INFO]   Entity 102919490180616458   owned by player                     Qi Inc [Off][QARC]        was closed! (Grid: SVY-W20)
16:15:08.4319 [INFO]   Entity 121799395506671650   owned by player                     <TEST_PLAYER> [Off][VWC]      was closed! (Grid: Large Grid 8037)
16:15:08.4319 [INFO]   Entity 87113131125320601    owned by player                     <TEST_PLAYER> [Off][VWC]      was closed! (Grid: Cepheus F-12 Phalanx - Atmo Fighter)
16:15:08.4319 [INFO]   Entity 118015900953515801   owned by player                     <TEST_PLAYER> [Off][VWC]      was closed! (Grid: Large Grid 5713)
16:15:08.4319 [INFO]   Entity 112445177121357206   owned by player                     <TEST_PLAYER> [Off][VWC]      was closed! (Grid: Large Grid 5246)
16:15:08.4319 [INFO]   Entity 88339172990986066    owned by player                     <TEST_PLAYER> [Off][VWC]      was closed! (Grid: Large Grid 9319)
16:15:08.4449 [INFO]   Entity 112376577180499093   owned by player                     <TEST_PLAYER> [Off][VWC]      was closed! (Grid: "Allegiant" - Defender-class Battlecruiser (Vanilla))
16:15:08.4449 [INFO]   Entity 108009625959186351   owned by player                     <TEST_PLAYER> [Off][VWC]      was closed! (Grid: Small Grid 336)
16:15:08.4449 [INFO]   Entity 144033100439656562   owned by player                     The Factorum [Off][FCTM]  was closed! (Grid: High Profile Transport)
16:15:08.4449 [INFO]   Entity 94495758252249774    owned by player                     <TEST_PLAYER> [Off][VWC]      was closed! (Grid: Large Grid 6224)
16:15:08.4449 [INFO]   Entity 109051643960921756   owned by player                     The Factorum [Off][FCTM]  was closed! (Grid: M2-Barage)
16:15:08.4449 [INFO]   Entity 138078005368709756   owned by player                     <TEST_PLAYER> [Off][VWC]      was closed! (Grid: Small Grid 5640)
16:15:08.4449 [INFO]   Entity 139114382691499414   owned by player                     <TEST_PLAYER> [Off][VWC]      was closed! (Grid: Small Grid 8432)
16:15:08.4449 [INFO]   Entity 119567625105499225   owned by player                     <TEST_PLAYER> [Off][VWC]      was closed! (Grid: T.N.F. Ship Ordnance 'Heavy Turret IV' Mk.I)
16:15:08.4449 [INFO]   Entity 80222892617116076    owned by player                     <TEST_PLAYER> [Off][VWC]      was closed! (Grid: Large Grid 1355)
16:15:08.4564 [INFO]   Entity 134036081189222726   owned by player                     <TEST_PLAYER> [Off][VWC]      was closed! (Grid: T.N.F. Ship Ordnance 'Heavy Turret IV' Mk.I)
16:15:08.4564 [INFO]   Entity 125621096323023318   owned by player                     The Director [Off][IMBER] was closed! (Grid: (NPC-IBR) Escort Drone)
16:15:08.4564 [INFO]   Entity 142736095338664201   owned by player                     The Director [Off][IMBER] was closed! (Grid: (NPC-IBR) Monarch Transport)
16:15:08.4564 [INFO]   Entity 134885745945443889   owned by player                     <TEST_PLAYER> [Off][VWC]      was closed! (Grid: Large Grid 4630)
16:15:08.4564 [INFO]   Entity 124905685879928880   owned by player                     <TEST_PLAYER> [Off][VWC]      was closed! (Grid: T.N.F. Ship Ordnance 'Heavy Turret IV' Mk.I)
16:15:08.4564 [INFO]   Entity 136912859160712277   owned by player                     The Director [Off][IMBER] was closed! (Grid: (NPC-IBR) Escort Drone)
16:15:08.4564 [INFO]   Entity 72157440197860637    owned by player                     <TEST_PLAYER> [Off][VWC]      was closed! (Grid: Small Grid 336)
16:15:08.4564 [INFO]   Entity 109730723231013393   owned by player                     <TEST_PLAYER> [Off][VWC]      was closed! (Grid: Small Grid 3393)
16:15:08.4564 [INFO]   Entity 121561294459096374   owned by player                     <TEST_PLAYER> [Off][VWC]      was closed! (Grid: Large Grid 6456)
16:46:14.8986 [INFO]   Entity 104111449008570861   owned by player                     The Factorum [Off]        was closed! (Grid: Dummy PB-Proj)
16:46:14.9592 [INFO]   Entity 78675275940922331    owned by player                     The Factorum [Off]        was closed! (Grid: Dummy PB-Proj)
16:49:23.4117 [INFO]   Entity 125621096323023318   owned by player                     The Director [Off][IMBER] was closed! (Grid: (NPC-IBR) Escort Drone)
16:49:23.5860 [INFO]   Entity 142736095338664201   owned by player                     The Director [Off][IMBER] was closed! (Grid: (NPC-IBR) Monarch Transport)
16:49:23.7470 [INFO]   Entity 136912859160712277   owned by player                     The Director [Off][IMBER] was closed! (Grid: (NPC-IBR) Escort Drone)
16:49:32.5568 [INFO]   Entity 124905685879928880   owned by player                     <TEST_PLAYER> [On][VWC]       was closed! (Grid: T.N.F. Ship Ordnance 'Heavy Turret IV' Mk.I)
16:49:32.5568 [INFO]   Entity 134036081189222726   owned by player                     <TEST_PLAYER> [On][VWC]       was closed! (Grid: T.N.F. Ship Ordnance 'Heavy Turret IV' Mk.I)
16:49:32.5568 [INFO]   Entity 119567625105499225   owned by player                     <TEST_PLAYER> [On][VWC]       was closed! (Grid: T.N.F. Ship Ordnance 'Heavy Turret IV' Mk.I)
16:49:32.5693 [INFO]   Entity 112376577180499093   owned by player                     <TEST_PLAYER> [On][VWC]       was closed! (Grid: "Allegiant" - Defender-class Battlecruiser (Vanilla))
16:49:32.5693 [INFO]   Entity 80222892617116076    owned by player                     <TEST_PLAYER> [On][VWC]       was closed! (Grid: Large Grid 1355)
16:49:32.5693 [INFO]   Entity 121561294459096374   owned by player                     <TEST_PLAYER> [On][VWC]       was closed! (Grid: Large Grid 6456)
16:49:32.5693 [INFO]   Entity 118015900953515801   owned by player                     <TEST_PLAYER> [On][VWC]       was closed! (Grid: Large Grid 5713)
16:49:32.5693 [INFO]   Entity 134885745945443889   owned by player                     <TEST_PLAYER> [On][VWC]       was closed! (Grid: Large Grid 4630)
16:49:32.5693 [INFO]   Entity 94495758252249774    owned by player                     <TEST_PLAYER> [On][VWC]       was closed! (Grid: Large Grid 6224)
16:49:32.5693 [INFO]   Entity 121799395506671650   owned by player                     <TEST_PLAYER> [On][VWC]       was closed! (Grid: Large Grid 8037)
16:49:32.5693 [INFO]   Entity 112445177121357206   owned by player                     <TEST_PLAYER> [On][VWC]       was closed! (Grid: Large Grid 5246)
16:49:32.5693 [INFO]   Entity 88339172990986066    owned by player                     <TEST_PLAYER> [On][VWC]       was closed! (Grid: Large Grid 9319)
16:49:32.5693 [INFO]   Entity 138078005368709756   owned by player                     <TEST_PLAYER> [On][VWC]       was closed! (Grid: Small Grid 5640)
16:49:32.5693 [INFO]   Entity 72157440197860637    owned by player                     <TEST_PLAYER> [On][VWC]       was closed! (Grid: Small Grid 336)
16:49:32.5693 [INFO]   Entity 139114382691499414   owned by player                     <TEST_PLAYER> [On][VWC]       was closed! (Grid: Small Grid 8432)
16:49:32.5693 [INFO]   Entity 108009625959186351   owned by player                     <TEST_PLAYER> [On][VWC]       was closed! (Grid: Small Grid 336)
16:55:37.7595 [INFO]   Entity 81736564086589672    owned by player                     The Chairman [Off][PARALLAX] was closed! (Grid: (NPC-PLX) Shadow)
16:56:41.2858 [INFO]   Entity 125935299183356627   owned by player                     <TEST_PLAYER> [Off][VWC]      was closed! (Grid: Wheel)
16:56:41.2858 [INFO]   Entity 113967283846573991   owned by player                     <TEST_PLAYER> [Off][VWC]      was closed! (Grid: Wheel)
16:56:41.2858 [INFO]   Entity 132804944577862164   owned by player                     <TEST_PLAYER> [Off][VWC]      was closed! (Grid: Wheel)
16:56:41.2858 [INFO]   Entity 95759277914689849    owned by player                     <TEST_PLAYER> [Off][VWC]      was closed! (Grid: Small Grid 9849)
16:56:41.2858 [INFO]   Entity 138824294425600967   owned by player                     <TEST_PLAYER> [Off][VWC]      was closed! (Grid: Wheel)
16:56:41.2858 [INFO]   Entity 73508849275807644    owned by player                     <TEST_PLAYER> [Off][VWC]      was closed! (Grid: Respawn Rover)
16:56:41.2858 [INFO]   Entity 102919490180616458   owned by player                     Qi Inc [Off][QARC]        was closed! (Grid: SVY-W20)
16:56:41.2858 [INFO]   Entity 87113131125320601    owned by player                     <TEST_PLAYER> [Off][VWC]      was closed! (Grid: Cepheus F-12 Phalanx - Atmo Fighter)
16:56:41.2858 [INFO]   Entity 101720493119613600   owned by player                     <TEST_PLAYER> [Off][VWC]      was closed! (Grid: (ACI) Xeos Superiority Fighter (SF))
16:56:41.2858 [INFO]   Entity 132422178891305995   owned by player                     <TEST_PLAYER> [Off][VWC]      was closed! (Grid: (ACI) Xeos Superiority Fighter (SF))
16:56:41.2858 [INFO]   Entity 109051643960921756   owned by player                     The Factorum [Off][FCTM]  was closed! (Grid: M2-Barage)
16:56:41.2858 [INFO]   Entity 109730723231013393   owned by player                     <TEST_PLAYER> [Off][VWC]      was closed! (Grid: Small Grid 3393)
16:56:41.2858 [INFO]   Entity 144033100439656562   owned by player                     The Factorum [Off][FCTM]  was closed! (Grid: High Profile Transport)
